Arguments: 
  /usr/bin/node /usr/bin/yarn run encore dev

PATH: 
  /usr/local/sbin:/usr/local/bin:/usr/sbin:/usr/bin:/sbin:/bin:/home/acsadmin/bin/acs_install/bin/

Yarn version: 
  1.5.1

Node version: 
  6.13.1

Platform: 
  linux x64

npm manifest: 
  No manifest

yarn manifest: 
  No manifest

Lockfile: 
  No lockfile

Trace: 
  Error: Couldn't find a package.json file in "/home/dimitryr/public/Gestionnaire-AFER"
      at MessageError.Error (native)
      at new MessageError (/usr/lib/node_modules/yarn/lib/cli.js:186:110)
      at /usr/lib/node_modules/yarn/lib/cli.js:40048:15
      at next (native)
      at step (/usr/lib/node_modules/yarn/lib/cli.js:98:30)
      at /usr/lib/node_modules/yarn/lib/cli.js:109:13
